ERROR - 2026-07-19 23:21:38 --> Error connecting to the database: mysqli_sql_exception: No such file or directory in /home/vaa/S4/SI/EXAMEN-FINAL-S4/system/Database/MySQLi/Connection.php:201
Stack trace:
#0 /home/vaa/S4/SI/EXAMEN-FINAL-S4/system/Database/MySQLi/Connection.php(201): mysqli->real_connect()
#1 /home/vaa/S4/SI/EXAMEN-FINAL-S4/system/Database/BaseConnection.php(555): CodeIgniter\Database\MySQLi\Connection->connect()
#2 /home/vaa/S4/SI/EXAMEN-FINAL-S4/system/Database/BaseConnection.php(795): CodeIgniter\Database\BaseConnection->initialize()
#3 /home/vaa/S4/SI/EXAMEN-FINAL-S4/system/Database/BaseConnection.php(1706): CodeIgniter\Database\BaseConnection->query()
#4 /home/vaa/S4/SI/EXAMEN-FINAL-S4/system/Database/BaseConnection.php(1726): CodeIgniter\Database\BaseConnection->listTables()
#5 /home/vaa/S4/SI/EXAMEN-FINAL-S4/system/Database/MigrationRunner.php(821): CodeIgniter\Database\BaseConnection->tableExists()
#6 /home/vaa/S4/SI/EXAMEN-FINAL-S4/system/Database/MigrationRunner.php(173): CodeIgniter\Database\MigrationRunner->ensureTable()
#7 /home/vaa/S4/SI/EXAMEN-FINAL-S4/system/Commands/Database/Migrate.php(89): CodeIgniter\Database\MigrationRunner->latest()
#8 /home/vaa/S4/SI/EXAMEN-FINAL-S4/system/CLI/SignalTrait.php(245): CodeIgniter\Commands\Database\Migrate::CodeIgniter\Commands\Database\{closure}()
#9 /home/vaa/S4/SI/EXAMEN-FINAL-S4/system/Commands/Database/Migrate.php(88): CodeIgniter\Commands\Database\Migrate->withSignalsBlocked()
#10 /home/vaa/S4/SI/EXAMEN-FINAL-S4/system/CLI/Commands.php(74): CodeIgniter\Commands\Database\Migrate->run()
#11 /home/vaa/S4/SI/EXAMEN-FINAL-S4/system/CLI/Console.php(47): CodeIgniter\CLI\Commands->run()
#12 /home/vaa/S4/SI/EXAMEN-FINAL-S4/system/Boot.php(442): CodeIgniter\CLI\Console->run()
#13 /home/vaa/S4/SI/EXAMEN-FINAL-S4/system/Boot.php(166): CodeIgniter\Boot::runCommand()
#14 /home/vaa/S4/SI/EXAMEN-FINAL-S4/spark(87): CodeIgniter\Boot::bootSpark()
#15 {main}

Next CodeIgniter\Database\Exceptions\DatabaseException: No such file or directory in /home/vaa/S4/SI/EXAMEN-FINAL-S4/system/Database/MySQLi/Connection.php:231
Stack trace:
#0 /home/vaa/S4/SI/EXAMEN-FINAL-S4/system/Database/BaseConnection.php(555): CodeIgniter\Database\MySQLi\Connection->connect()
#1 /home/vaa/S4/SI/EXAMEN-FINAL-S4/system/Database/BaseConnection.php(795): CodeIgniter\Database\BaseConnection->initialize()
#2 /home/vaa/S4/SI/EXAMEN-FINAL-S4/system/Database/BaseConnection.php(1706): CodeIgniter\Database\BaseConnection->query()
#3 /home/vaa/S4/SI/EXAMEN-FINAL-S4/system/Database/BaseConnection.php(1726): CodeIgniter\Database\BaseConnection->listTables()
#4 /home/vaa/S4/SI/EXAMEN-FINAL-S4/system/Database/MigrationRunner.php(821): CodeIgniter\Database\BaseConnection->tableExists()
#5 /home/vaa/S4/SI/EXAMEN-FINAL-S4/system/Database/MigrationRunner.php(173): CodeIgniter\Database\MigrationRunner->ensureTable()
#6 /home/vaa/S4/SI/EXAMEN-FINAL-S4/system/Commands/Database/Migrate.php(89): CodeIgniter\Database\MigrationRunner->latest()
#7 /home/vaa/S4/SI/EXAMEN-FINAL-S4/system/CLI/SignalTrait.php(245): CodeIgniter\Commands\Database\Migrate::CodeIgniter\Commands\Database\{closure}()
#8 /home/vaa/S4/SI/EXAMEN-FINAL-S4/system/Commands/Database/Migrate.php(88): CodeIgniter\Commands\Database\Migrate->withSignalsBlocked()
#9 /home/vaa/S4/SI/EXAMEN-FINAL-S4/system/CLI/Commands.php(74): CodeIgniter\Commands\Database\Migrate->run()
#10 /home/vaa/S4/SI/EXAMEN-FINAL-S4/system/CLI/Console.php(47): CodeIgniter\CLI\Commands->run()
#11 /home/vaa/S4/SI/EXAMEN-FINAL-S4/system/Boot.php(442): CodeIgniter\CLI\Console->run()
#12 /home/vaa/S4/SI/EXAMEN-FINAL-S4/system/Boot.php(166): CodeIgniter\Boot::runCommand()
#13 /home/vaa/S4/SI/EXAMEN-FINAL-S4/spark(87): CodeIgniter\Boot::bootSpark()
#14 {main}
ERROR - 2026-07-19 23:21:38 --> Error connecting to the database: mysqli_sql_exception: No such file or directory in /home/vaa/S4/SI/EXAMEN-FINAL-S4/system/Database/MySQLi/Connection.php:201
Stack trace:
#0 /home/vaa/S4/SI/EXAMEN-FINAL-S4/system/Database/MySQLi/Connection.php(201): mysqli->real_connect()
#1 /home/vaa/S4/SI/EXAMEN-FINAL-S4/system/Database/BaseConnection.php(555): CodeIgniter\Database\MySQLi\Connection->connect()
#2 /home/vaa/S4/SI/EXAMEN-FINAL-S4/system/Database/Database.php(74): CodeIgniter\Database\BaseConnection->initialize()
#3 /home/vaa/S4/SI/EXAMEN-FINAL-S4/system/Database/Config.php(111): CodeIgniter\Database\Database->loadForge()
#4 /home/vaa/S4/SI/EXAMEN-FINAL-S4/system/Database/Seeder.php(103): CodeIgniter\Database\Config::forge()
#5 /home/vaa/S4/SI/EXAMEN-FINAL-S4/system/Commands/Database/Seed.php(71): CodeIgniter\Database\Seeder->__construct()
#6 /home/vaa/S4/SI/EXAMEN-FINAL-S4/system/CLI/Commands.php(74): CodeIgniter\Commands\Database\Seed->run()
#7 /home/vaa/S4/SI/EXAMEN-FINAL-S4/system/CLI/Console.php(47): CodeIgniter\CLI\Commands->run()
#8 /home/vaa/S4/SI/EXAMEN-FINAL-S4/system/Boot.php(442): CodeIgniter\CLI\Console->run()
#9 /home/vaa/S4/SI/EXAMEN-FINAL-S4/system/Boot.php(166): CodeIgniter\Boot::runCommand()
#10 /home/vaa/S4/SI/EXAMEN-FINAL-S4/spark(87): CodeIgniter\Boot::bootSpark()
#11 {main}

Next CodeIgniter\Database\Exceptions\DatabaseException: No such file or directory in /home/vaa/S4/SI/EXAMEN-FINAL-S4/system/Database/MySQLi/Connection.php:231
Stack trace:
#0 /home/vaa/S4/SI/EXAMEN-FINAL-S4/system/Database/BaseConnection.php(555): CodeIgniter\Database\MySQLi\Connection->connect()
#1 /home/vaa/S4/SI/EXAMEN-FINAL-S4/system/Database/Database.php(74): CodeIgniter\Database\BaseConnection->initialize()
#2 /home/vaa/S4/SI/EXAMEN-FINAL-S4/system/Database/Config.php(111): CodeIgniter\Database\Database->loadForge()
#3 /home/vaa/S4/SI/EXAMEN-FINAL-S4/system/Database/Seeder.php(103): CodeIgniter\Database\Config::forge()
#4 /home/vaa/S4/SI/EXAMEN-FINAL-S4/system/Commands/Database/Seed.php(71): CodeIgniter\Database\Seeder->__construct()
#5 /home/vaa/S4/SI/EXAMEN-FINAL-S4/system/CLI/Commands.php(74): CodeIgniter\Commands\Database\Seed->run()
#6 /home/vaa/S4/SI/EXAMEN-FINAL-S4/system/CLI/Console.php(47): CodeIgniter\CLI\Commands->run()
#7 /home/vaa/S4/SI/EXAMEN-FINAL-S4/system/Boot.php(442): CodeIgniter\CLI\Console->run()
#8 /home/vaa/S4/SI/EXAMEN-FINAL-S4/system/Boot.php(166): CodeIgniter\Boot::runCommand()
#9 /home/vaa/S4/SI/EXAMEN-FINAL-S4/spark(87): CodeIgniter\Boot::bootSpark()
#10 {main}
CRITICAL - 2026-07-19 23:21:38 --> CodeIgniter\Database\Exceptions\DatabaseException: Unable to connect to the database.
Main connection [MySQLi]: No such file or directory
[Method: CLI, Route: db:seed/MobileMoneySeeder]
in SYSTEMPATH/Database/BaseConnection.php on line 606.
 1 SYSTEMPATH/Database/Database.php(74): CodeIgniter\Database\BaseConnection->initialize()
 2 SYSTEMPATH/Database/Config.php(111): CodeIgniter\Database\Database->loadForge()
 3 SYSTEMPATH/Database/Seeder.php(103): CodeIgniter\Database\Config::forge()
 4 SYSTEMPATH/Commands/Database/Seed.php(71): CodeIgniter\Database\Seeder->__construct()
 5 SYSTEMPATH/CLI/Commands.php(74): CodeIgniter\Commands\Database\Seed->run()
 6 SYSTEMPATH/CLI/Console.php(47): CodeIgniter\CLI\Commands->run()
 7 SYSTEMPATH/Boot.php(442): CodeIgniter\CLI\Console->run()
 8 SYSTEMPATH/Boot.php(166): CodeIgniter\Boot::runCommand()
 9 ROOTPATH/spark(87): CodeIgniter\Boot::bootSpark()
ERROR - 2026-07-19 23:23:41 --> Error connecting to the database: mysqli_sql_exception: No such file or directory in /home/vaa/S4/SI/EXAMEN-FINAL-S4/system/Database/MySQLi/Connection.php:201
Stack trace:
#0 /home/vaa/S4/SI/EXAMEN-FINAL-S4/system/Database/MySQLi/Connection.php(201): mysqli->real_connect()
#1 /home/vaa/S4/SI/EXAMEN-FINAL-S4/system/Database/BaseConnection.php(555): CodeIgniter\Database\MySQLi\Connection->connect()
#2 /home/vaa/S4/SI/EXAMEN-FINAL-S4/system/Database/BaseConnection.php(795): CodeIgniter\Database\BaseConnection->initialize()
#3 /home/vaa/S4/SI/EXAMEN-FINAL-S4/system/Database/BaseConnection.php(1706): CodeIgniter\Database\BaseConnection->query()
#4 /home/vaa/S4/SI/EXAMEN-FINAL-S4/system/Database/BaseConnection.php(1726): CodeIgniter\Database\BaseConnection->listTables()
#5 /home/vaa/S4/SI/EXAMEN-FINAL-S4/system/Database/MigrationRunner.php(821): CodeIgniter\Database\BaseConnection->tableExists()
#6 /home/vaa/S4/SI/EXAMEN-FINAL-S4/system/Database/MigrationRunner.php(173): CodeIgniter\Database\MigrationRunner->ensureTable()
#7 /home/vaa/S4/SI/EXAMEN-FINAL-S4/system/Commands/Database/Migrate.php(89): CodeIgniter\Database\MigrationRunner->latest()
#8 /home/vaa/S4/SI/EXAMEN-FINAL-S4/system/CLI/SignalTrait.php(245): CodeIgniter\Commands\Database\Migrate::CodeIgniter\Commands\Database\{closure}()
#9 /home/vaa/S4/SI/EXAMEN-FINAL-S4/system/Commands/Database/Migrate.php(88): CodeIgniter\Commands\Database\Migrate->withSignalsBlocked()
#10 /home/vaa/S4/SI/EXAMEN-FINAL-S4/system/CLI/Commands.php(74): CodeIgniter\Commands\Database\Migrate->run()
#11 /home/vaa/S4/SI/EXAMEN-FINAL-S4/system/CLI/Console.php(47): CodeIgniter\CLI\Commands->run()
#12 /home/vaa/S4/SI/EXAMEN-FINAL-S4/system/Boot.php(442): CodeIgniter\CLI\Console->run()
#13 /home/vaa/S4/SI/EXAMEN-FINAL-S4/system/Boot.php(166): CodeIgniter\Boot::runCommand()
#14 /home/vaa/S4/SI/EXAMEN-FINAL-S4/spark(87): CodeIgniter\Boot::bootSpark()
#15 {main}

Next CodeIgniter\Database\Exceptions\DatabaseException: No such file or directory in /home/vaa/S4/SI/EXAMEN-FINAL-S4/system/Database/MySQLi/Connection.php:231
Stack trace:
#0 /home/vaa/S4/SI/EXAMEN-FINAL-S4/system/Database/BaseConnection.php(555): CodeIgniter\Database\MySQLi\Connection->connect()
#1 /home/vaa/S4/SI/EXAMEN-FINAL-S4/system/Database/BaseConnection.php(795): CodeIgniter\Database\BaseConnection->initialize()
#2 /home/vaa/S4/SI/EXAMEN-FINAL-S4/system/Database/BaseConnection.php(1706): CodeIgniter\Database\BaseConnection->query()
#3 /home/vaa/S4/SI/EXAMEN-FINAL-S4/system/Database/BaseConnection.php(1726): CodeIgniter\Database\BaseConnection->listTables()
#4 /home/vaa/S4/SI/EXAMEN-FINAL-S4/system/Database/MigrationRunner.php(821): CodeIgniter\Database\BaseConnection->tableExists()
#5 /home/vaa/S4/SI/EXAMEN-FINAL-S4/system/Database/MigrationRunner.php(173): CodeIgniter\Database\MigrationRunner->ensureTable()
#6 /home/vaa/S4/SI/EXAMEN-FINAL-S4/system/Commands/Database/Migrate.php(89): CodeIgniter\Database\MigrationRunner->latest()
#7 /home/vaa/S4/SI/EXAMEN-FINAL-S4/system/CLI/SignalTrait.php(245): CodeIgniter\Commands\Database\Migrate::CodeIgniter\Commands\Database\{closure}()
#8 /home/vaa/S4/SI/EXAMEN-FINAL-S4/system/Commands/Database/Migrate.php(88): CodeIgniter\Commands\Database\Migrate->withSignalsBlocked()
#9 /home/vaa/S4/SI/EXAMEN-FINAL-S4/system/CLI/Commands.php(74): CodeIgniter\Commands\Database\Migrate->run()
#10 /home/vaa/S4/SI/EXAMEN-FINAL-S4/system/CLI/Console.php(47): CodeIgniter\CLI\Commands->run()
#11 /home/vaa/S4/SI/EXAMEN-FINAL-S4/system/Boot.php(442): CodeIgniter\CLI\Console->run()
#12 /home/vaa/S4/SI/EXAMEN-FINAL-S4/system/Boot.php(166): CodeIgniter\Boot::runCommand()
#13 /home/vaa/S4/SI/EXAMEN-FINAL-S4/spark(87): CodeIgniter\Boot::bootSpark()
#14 {main}
ERROR - 2026-07-19 23:25:07 --> Error connecting to the database: mysqli_sql_exception: No such file or directory in /home/vaa/S4/SI/EXAMEN-FINAL-S4/system/Database/MySQLi/Connection.php:201
Stack trace:
#0 /home/vaa/S4/SI/EXAMEN-FINAL-S4/system/Database/MySQLi/Connection.php(201): mysqli->real_connect()
#1 /home/vaa/S4/SI/EXAMEN-FINAL-S4/system/Database/BaseConnection.php(555): CodeIgniter\Database\MySQLi\Connection->connect()
#2 /home/vaa/S4/SI/EXAMEN-FINAL-S4/system/Database/BaseConnection.php(795): CodeIgniter\Database\BaseConnection->initialize()
#3 /home/vaa/S4/SI/EXAMEN-FINAL-S4/system/Database/BaseConnection.php(1706): CodeIgniter\Database\BaseConnection->query()
#4 /home/vaa/S4/SI/EXAMEN-FINAL-S4/system/Database/BaseConnection.php(1726): CodeIgniter\Database\BaseConnection->listTables()
#5 /home/vaa/S4/SI/EXAMEN-FINAL-S4/system/Database/MigrationRunner.php(821): CodeIgniter\Database\BaseConnection->tableExists()
#6 /home/vaa/S4/SI/EXAMEN-FINAL-S4/system/Database/MigrationRunner.php(173): CodeIgniter\Database\MigrationRunner->ensureTable()
#7 /home/vaa/S4/SI/EXAMEN-FINAL-S4/system/Commands/Database/Migrate.php(89): CodeIgniter\Database\MigrationRunner->latest()
#8 /home/vaa/S4/SI/EXAMEN-FINAL-S4/system/CLI/SignalTrait.php(245): CodeIgniter\Commands\Database\Migrate::CodeIgniter\Commands\Database\{closure}()
#9 /home/vaa/S4/SI/EXAMEN-FINAL-S4/system/Commands/Database/Migrate.php(88): CodeIgniter\Commands\Database\Migrate->withSignalsBlocked()
#10 /home/vaa/S4/SI/EXAMEN-FINAL-S4/system/CLI/Commands.php(74): CodeIgniter\Commands\Database\Migrate->run()
#11 /home/vaa/S4/SI/EXAMEN-FINAL-S4/system/CLI/Console.php(47): CodeIgniter\CLI\Commands->run()
#12 /home/vaa/S4/SI/EXAMEN-FINAL-S4/system/Boot.php(442): CodeIgniter\CLI\Console->run()
#13 /home/vaa/S4/SI/EXAMEN-FINAL-S4/system/Boot.php(166): CodeIgniter\Boot::runCommand()
#14 /home/vaa/S4/SI/EXAMEN-FINAL-S4/spark(87): CodeIgniter\Boot::bootSpark()
#15 {main}

Next CodeIgniter\Database\Exceptions\DatabaseException: No such file or directory in /home/vaa/S4/SI/EXAMEN-FINAL-S4/system/Database/MySQLi/Connection.php:231
Stack trace:
#0 /home/vaa/S4/SI/EXAMEN-FINAL-S4/system/Database/BaseConnection.php(555): CodeIgniter\Database\MySQLi\Connection->connect()
#1 /home/vaa/S4/SI/EXAMEN-FINAL-S4/system/Database/BaseConnection.php(795): CodeIgniter\Database\BaseConnection->initialize()
#2 /home/vaa/S4/SI/EXAMEN-FINAL-S4/system/Database/BaseConnection.php(1706): CodeIgniter\Database\BaseConnection->query()
#3 /home/vaa/S4/SI/EXAMEN-FINAL-S4/system/Database/BaseConnection.php(1726): CodeIgniter\Database\BaseConnection->listTables()
#4 /home/vaa/S4/SI/EXAMEN-FINAL-S4/system/Database/MigrationRunner.php(821): CodeIgniter\Database\BaseConnection->tableExists()
#5 /home/vaa/S4/SI/EXAMEN-FINAL-S4/system/Database/MigrationRunner.php(173): CodeIgniter\Database\MigrationRunner->ensureTable()
#6 /home/vaa/S4/SI/EXAMEN-FINAL-S4/system/Commands/Database/Migrate.php(89): CodeIgniter\Database\MigrationRunner->latest()
#7 /home/vaa/S4/SI/EXAMEN-FINAL-S4/system/CLI/SignalTrait.php(245): CodeIgniter\Commands\Database\Migrate::CodeIgniter\Commands\Database\{closure}()
#8 /home/vaa/S4/SI/EXAMEN-FINAL-S4/system/Commands/Database/Migrate.php(88): CodeIgniter\Commands\Database\Migrate->withSignalsBlocked()
#9 /home/vaa/S4/SI/EXAMEN-FINAL-S4/system/CLI/Commands.php(74): CodeIgniter\Commands\Database\Migrate->run()
#10 /home/vaa/S4/SI/EXAMEN-FINAL-S4/system/CLI/Console.php(47): CodeIgniter\CLI\Commands->run()
#11 /home/vaa/S4/SI/EXAMEN-FINAL-S4/system/Boot.php(442): CodeIgniter\CLI\Console->run()
#12 /home/vaa/S4/SI/EXAMEN-FINAL-S4/system/Boot.php(166): CodeIgniter\Boot::runCommand()
#13 /home/vaa/S4/SI/EXAMEN-FINAL-S4/spark(87): CodeIgniter\Boot::bootSpark()
#14 {main}
ERROR - 2026-07-19 23:26:38 --> Error connecting to the database: mysqli_sql_exception: No such file or directory in /home/vaa/S4/SI/EXAMEN-FINAL-S4/system/Database/MySQLi/Connection.php:201
Stack trace:
#0 /home/vaa/S4/SI/EXAMEN-FINAL-S4/system/Database/MySQLi/Connection.php(201): mysqli->real_connect()
#1 /home/vaa/S4/SI/EXAMEN-FINAL-S4/system/Database/BaseConnection.php(555): CodeIgniter\Database\MySQLi\Connection->connect()
#2 /home/vaa/S4/SI/EXAMEN-FINAL-S4/system/Database/BaseConnection.php(795): CodeIgniter\Database\BaseConnection->initialize()
#3 /home/vaa/S4/SI/EXAMEN-FINAL-S4/system/Database/BaseConnection.php(1706): CodeIgniter\Database\BaseConnection->query()
#4 /home/vaa/S4/SI/EXAMEN-FINAL-S4/system/Database/BaseConnection.php(1726): CodeIgniter\Database\BaseConnection->listTables()
#5 /home/vaa/S4/SI/EXAMEN-FINAL-S4/system/Database/MigrationRunner.php(821): CodeIgniter\Database\BaseConnection->tableExists()
#6 /home/vaa/S4/SI/EXAMEN-FINAL-S4/system/Database/MigrationRunner.php(173): CodeIgniter\Database\MigrationRunner->ensureTable()
#7 /home/vaa/S4/SI/EXAMEN-FINAL-S4/system/Commands/Database/Migrate.php(89): CodeIgniter\Database\MigrationRunner->latest()
#8 /home/vaa/S4/SI/EXAMEN-FINAL-S4/system/CLI/SignalTrait.php(245): CodeIgniter\Commands\Database\Migrate::CodeIgniter\Commands\Database\{closure}()
#9 /home/vaa/S4/SI/EXAMEN-FINAL-S4/system/Commands/Database/Migrate.php(88): CodeIgniter\Commands\Database\Migrate->withSignalsBlocked()
#10 /home/vaa/S4/SI/EXAMEN-FINAL-S4/system/CLI/Commands.php(74): CodeIgniter\Commands\Database\Migrate->run()
#11 /home/vaa/S4/SI/EXAMEN-FINAL-S4/system/CLI/Console.php(47): CodeIgniter\CLI\Commands->run()
#12 /home/vaa/S4/SI/EXAMEN-FINAL-S4/system/Boot.php(442): CodeIgniter\CLI\Console->run()
#13 /home/vaa/S4/SI/EXAMEN-FINAL-S4/system/Boot.php(166): CodeIgniter\Boot::runCommand()
#14 /home/vaa/S4/SI/EXAMEN-FINAL-S4/spark(87): CodeIgniter\Boot::bootSpark()
#15 {main}

Next CodeIgniter\Database\Exceptions\DatabaseException: No such file or directory in /home/vaa/S4/SI/EXAMEN-FINAL-S4/system/Database/MySQLi/Connection.php:231
Stack trace:
#0 /home/vaa/S4/SI/EXAMEN-FINAL-S4/system/Database/BaseConnection.php(555): CodeIgniter\Database\MySQLi\Connection->connect()
#1 /home/vaa/S4/SI/EXAMEN-FINAL-S4/system/Database/BaseConnection.php(795): CodeIgniter\Database\BaseConnection->initialize()
#2 /home/vaa/S4/SI/EXAMEN-FINAL-S4/system/Database/BaseConnection.php(1706): CodeIgniter\Database\BaseConnection->query()
#3 /home/vaa/S4/SI/EXAMEN-FINAL-S4/system/Database/BaseConnection.php(1726): CodeIgniter\Database\BaseConnection->listTables()
#4 /home/vaa/S4/SI/EXAMEN-FINAL-S4/system/Database/MigrationRunner.php(821): CodeIgniter\Database\BaseConnection->tableExists()
#5 /home/vaa/S4/SI/EXAMEN-FINAL-S4/system/Database/MigrationRunner.php(173): CodeIgniter\Database\MigrationRunner->ensureTable()
#6 /home/vaa/S4/SI/EXAMEN-FINAL-S4/system/Commands/Database/Migrate.php(89): CodeIgniter\Database\MigrationRunner->latest()
#7 /home/vaa/S4/SI/EXAMEN-FINAL-S4/system/CLI/SignalTrait.php(245): CodeIgniter\Commands\Database\Migrate::CodeIgniter\Commands\Database\{closure}()
#8 /home/vaa/S4/SI/EXAMEN-FINAL-S4/system/Commands/Database/Migrate.php(88): CodeIgniter\Commands\Database\Migrate->withSignalsBlocked()
#9 /home/vaa/S4/SI/EXAMEN-FINAL-S4/system/CLI/Commands.php(74): CodeIgniter\Commands\Database\Migrate->run()
#10 /home/vaa/S4/SI/EXAMEN-FINAL-S4/system/CLI/Console.php(47): CodeIgniter\CLI\Commands->run()
#11 /home/vaa/S4/SI/EXAMEN-FINAL-S4/system/Boot.php(442): CodeIgniter\CLI\Console->run()
#12 /home/vaa/S4/SI/EXAMEN-FINAL-S4/system/Boot.php(166): CodeIgniter\Boot::runCommand()
#13 /home/vaa/S4/SI/EXAMEN-FINAL-S4/spark(87): CodeIgniter\Boot::bootSpark()
#14 {main}
ERROR - 2026-07-19 23:28:18 --> Error connecting to the database: mysqli_sql_exception: No such file or directory in /home/vaa/S4/SI/EXAMEN-FINAL-S4/system/Database/MySQLi/Connection.php:201
Stack trace:
#0 /home/vaa/S4/SI/EXAMEN-FINAL-S4/system/Database/MySQLi/Connection.php(201): mysqli->real_connect()
#1 /home/vaa/S4/SI/EXAMEN-FINAL-S4/system/Database/BaseConnection.php(555): CodeIgniter\Database\MySQLi\Connection->connect()
#2 /home/vaa/S4/SI/EXAMEN-FINAL-S4/system/Database/BaseConnection.php(795): CodeIgniter\Database\BaseConnection->initialize()
#3 /home/vaa/S4/SI/EXAMEN-FINAL-S4/system/Database/BaseConnection.php(1706): CodeIgniter\Database\BaseConnection->query()
#4 /home/vaa/S4/SI/EXAMEN-FINAL-S4/system/Database/BaseConnection.php(1726): CodeIgniter\Database\BaseConnection->listTables()
#5 /home/vaa/S4/SI/EXAMEN-FINAL-S4/system/Database/MigrationRunner.php(821): CodeIgniter\Database\BaseConnection->tableExists()
#6 /home/vaa/S4/SI/EXAMEN-FINAL-S4/system/Database/MigrationRunner.php(173): CodeIgniter\Database\MigrationRunner->ensureTable()
#7 /home/vaa/S4/SI/EXAMEN-FINAL-S4/system/Commands/Database/Migrate.php(89): CodeIgniter\Database\MigrationRunner->latest()
#8 /home/vaa/S4/SI/EXAMEN-FINAL-S4/system/CLI/SignalTrait.php(245): CodeIgniter\Commands\Database\Migrate::CodeIgniter\Commands\Database\{closure}()
#9 /home/vaa/S4/SI/EXAMEN-FINAL-S4/system/Commands/Database/Migrate.php(88): CodeIgniter\Commands\Database\Migrate->withSignalsBlocked()
#10 /home/vaa/S4/SI/EXAMEN-FINAL-S4/system/CLI/Commands.php(74): CodeIgniter\Commands\Database\Migrate->run()
#11 /home/vaa/S4/SI/EXAMEN-FINAL-S4/system/CLI/Console.php(47): CodeIgniter\CLI\Commands->run()
#12 /home/vaa/S4/SI/EXAMEN-FINAL-S4/system/Boot.php(442): CodeIgniter\CLI\Console->run()
#13 /home/vaa/S4/SI/EXAMEN-FINAL-S4/system/Boot.php(166): CodeIgniter\Boot::runCommand()
#14 /home/vaa/S4/SI/EXAMEN-FINAL-S4/spark(87): CodeIgniter\Boot::bootSpark()
#15 {main}

Next CodeIgniter\Database\Exceptions\DatabaseException: No such file or directory in /home/vaa/S4/SI/EXAMEN-FINAL-S4/system/Database/MySQLi/Connection.php:231
Stack trace:
#0 /home/vaa/S4/SI/EXAMEN-FINAL-S4/system/Database/BaseConnection.php(555): CodeIgniter\Database\MySQLi\Connection->connect()
#1 /home/vaa/S4/SI/EXAMEN-FINAL-S4/system/Database/BaseConnection.php(795): CodeIgniter\Database\BaseConnection->initialize()
#2 /home/vaa/S4/SI/EXAMEN-FINAL-S4/system/Database/BaseConnection.php(1706): CodeIgniter\Database\BaseConnection->query()
#3 /home/vaa/S4/SI/EXAMEN-FINAL-S4/system/Database/BaseConnection.php(1726): CodeIgniter\Database\BaseConnection->listTables()
#4 /home/vaa/S4/SI/EXAMEN-FINAL-S4/system/Database/MigrationRunner.php(821): CodeIgniter\Database\BaseConnection->tableExists()
#5 /home/vaa/S4/SI/EXAMEN-FINAL-S4/system/Database/MigrationRunner.php(173): CodeIgniter\Database\MigrationRunner->ensureTable()
#6 /home/vaa/S4/SI/EXAMEN-FINAL-S4/system/Commands/Database/Migrate.php(89): CodeIgniter\Database\MigrationRunner->latest()
#7 /home/vaa/S4/SI/EXAMEN-FINAL-S4/system/CLI/SignalTrait.php(245): CodeIgniter\Commands\Database\Migrate::CodeIgniter\Commands\Database\{closure}()
#8 /home/vaa/S4/SI/EXAMEN-FINAL-S4/system/Commands/Database/Migrate.php(88): CodeIgniter\Commands\Database\Migrate->withSignalsBlocked()
#9 /home/vaa/S4/SI/EXAMEN-FINAL-S4/system/CLI/Commands.php(74): CodeIgniter\Commands\Database\Migrate->run()
#10 /home/vaa/S4/SI/EXAMEN-FINAL-S4/system/CLI/Console.php(47): CodeIgniter\CLI\Commands->run()
#11 /home/vaa/S4/SI/EXAMEN-FINAL-S4/system/Boot.php(442): CodeIgniter\CLI\Console->run()
#12 /home/vaa/S4/SI/EXAMEN-FINAL-S4/system/Boot.php(166): CodeIgniter\Boot::runCommand()
#13 /home/vaa/S4/SI/EXAMEN-FINAL-S4/spark(87): CodeIgniter\Boot::bootSpark()
#14 {main}
ERROR - 2026-07-19 23:34:49 --> Error connecting to the database: mysqli_sql_exception: No such file or directory in /home/vaa/S4/SI/EXAMEN-FINAL-S4/system/Database/MySQLi/Connection.php:201
Stack trace:
#0 /home/vaa/S4/SI/EXAMEN-FINAL-S4/system/Database/MySQLi/Connection.php(201): mysqli->real_connect()
#1 /home/vaa/S4/SI/EXAMEN-FINAL-S4/system/Database/BaseConnection.php(555): CodeIgniter\Database\MySQLi\Connection->connect()
#2 /home/vaa/S4/SI/EXAMEN-FINAL-S4/system/Database/BaseConnection.php(795): CodeIgniter\Database\BaseConnection->initialize()
#3 /home/vaa/S4/SI/EXAMEN-FINAL-S4/system/Database/BaseConnection.php(1706): CodeIgniter\Database\BaseConnection->query()
#4 /home/vaa/S4/SI/EXAMEN-FINAL-S4/system/Database/BaseConnection.php(1726): CodeIgniter\Database\BaseConnection->listTables()
#5 /home/vaa/S4/SI/EXAMEN-FINAL-S4/system/Database/MigrationRunner.php(821): CodeIgniter\Database\BaseConnection->tableExists()
#6 /home/vaa/S4/SI/EXAMEN-FINAL-S4/system/Database/MigrationRunner.php(173): CodeIgniter\Database\MigrationRunner->ensureTable()
#7 /home/vaa/S4/SI/EXAMEN-FINAL-S4/system/Commands/Database/Migrate.php(89): CodeIgniter\Database\MigrationRunner->latest()
#8 /home/vaa/S4/SI/EXAMEN-FINAL-S4/system/CLI/SignalTrait.php(245): CodeIgniter\Commands\Database\Migrate::CodeIgniter\Commands\Database\{closure}()
#9 /home/vaa/S4/SI/EXAMEN-FINAL-S4/system/Commands/Database/Migrate.php(88): CodeIgniter\Commands\Database\Migrate->withSignalsBlocked()
#10 /home/vaa/S4/SI/EXAMEN-FINAL-S4/system/CLI/Commands.php(74): CodeIgniter\Commands\Database\Migrate->run()
#11 /home/vaa/S4/SI/EXAMEN-FINAL-S4/system/CLI/Console.php(47): CodeIgniter\CLI\Commands->run()
#12 /home/vaa/S4/SI/EXAMEN-FINAL-S4/system/Boot.php(442): CodeIgniter\CLI\Console->run()
#13 /home/vaa/S4/SI/EXAMEN-FINAL-S4/system/Boot.php(166): CodeIgniter\Boot::runCommand()
#14 /home/vaa/S4/SI/EXAMEN-FINAL-S4/spark(87): CodeIgniter\Boot::bootSpark()
#15 {main}

Next CodeIgniter\Database\Exceptions\DatabaseException: No such file or directory in /home/vaa/S4/SI/EXAMEN-FINAL-S4/system/Database/MySQLi/Connection.php:231
Stack trace:
#0 /home/vaa/S4/SI/EXAMEN-FINAL-S4/system/Database/BaseConnection.php(555): CodeIgniter\Database\MySQLi\Connection->connect()
#1 /home/vaa/S4/SI/EXAMEN-FINAL-S4/system/Database/BaseConnection.php(795): CodeIgniter\Database\BaseConnection->initialize()
#2 /home/vaa/S4/SI/EXAMEN-FINAL-S4/system/Database/BaseConnection.php(1706): CodeIgniter\Database\BaseConnection->query()
#3 /home/vaa/S4/SI/EXAMEN-FINAL-S4/system/Database/BaseConnection.php(1726): CodeIgniter\Database\BaseConnection->listTables()
#4 /home/vaa/S4/SI/EXAMEN-FINAL-S4/system/Database/MigrationRunner.php(821): CodeIgniter\Database\BaseConnection->tableExists()
#5 /home/vaa/S4/SI/EXAMEN-FINAL-S4/system/Database/MigrationRunner.php(173): CodeIgniter\Database\MigrationRunner->ensureTable()
#6 /home/vaa/S4/SI/EXAMEN-FINAL-S4/system/Commands/Database/Migrate.php(89): CodeIgniter\Database\MigrationRunner->latest()
#7 /home/vaa/S4/SI/EXAMEN-FINAL-S4/system/CLI/SignalTrait.php(245): CodeIgniter\Commands\Database\Migrate::CodeIgniter\Commands\Database\{closure}()
#8 /home/vaa/S4/SI/EXAMEN-FINAL-S4/system/Commands/Database/Migrate.php(88): CodeIgniter\Commands\Database\Migrate->withSignalsBlocked()
#9 /home/vaa/S4/SI/EXAMEN-FINAL-S4/system/CLI/Commands.php(74): CodeIgniter\Commands\Database\Migrate->run()
#10 /home/vaa/S4/SI/EXAMEN-FINAL-S4/system/CLI/Console.php(47): CodeIgniter\CLI\Commands->run()
#11 /home/vaa/S4/SI/EXAMEN-FINAL-S4/system/Boot.php(442): CodeIgniter\CLI\Console->run()
#12 /home/vaa/S4/SI/EXAMEN-FINAL-S4/system/Boot.php(166): CodeIgniter\Boot::runCommand()
#13 /home/vaa/S4/SI/EXAMEN-FINAL-S4/spark(87): CodeIgniter\Boot::bootSpark()
#14 {main}
ERROR - 2026-07-19 23:37:35 --> Error connecting to the database: mysqli_sql_exception: No such file or directory in /home/vaa/S4/SI/EXAMEN-FINAL-S4/system/Database/MySQLi/Connection.php:201
Stack trace:
#0 /home/vaa/S4/SI/EXAMEN-FINAL-S4/system/Database/MySQLi/Connection.php(201): mysqli->real_connect()
#1 /home/vaa/S4/SI/EXAMEN-FINAL-S4/system/Database/BaseConnection.php(555): CodeIgniter\Database\MySQLi\Connection->connect()
#2 /home/vaa/S4/SI/EXAMEN-FINAL-S4/system/Database/BaseConnection.php(795): CodeIgniter\Database\BaseConnection->initialize()
#3 /home/vaa/S4/SI/EXAMEN-FINAL-S4/system/Database/BaseConnection.php(1706): CodeIgniter\Database\BaseConnection->query()
#4 /home/vaa/S4/SI/EXAMEN-FINAL-S4/system/Database/BaseConnection.php(1726): CodeIgniter\Database\BaseConnection->listTables()
#5 /home/vaa/S4/SI/EXAMEN-FINAL-S4/system/Database/MigrationRunner.php(821): CodeIgniter\Database\BaseConnection->tableExists()
#6 /home/vaa/S4/SI/EXAMEN-FINAL-S4/system/Database/MigrationRunner.php(173): CodeIgniter\Database\MigrationRunner->ensureTable()
#7 /home/vaa/S4/SI/EXAMEN-FINAL-S4/system/Commands/Database/Migrate.php(89): CodeIgniter\Database\MigrationRunner->latest()
#8 /home/vaa/S4/SI/EXAMEN-FINAL-S4/system/CLI/SignalTrait.php(245): CodeIgniter\Commands\Database\Migrate::CodeIgniter\Commands\Database\{closure}()
#9 /home/vaa/S4/SI/EXAMEN-FINAL-S4/system/Commands/Database/Migrate.php(88): CodeIgniter\Commands\Database\Migrate->withSignalsBlocked()
#10 /home/vaa/S4/SI/EXAMEN-FINAL-S4/system/CLI/Commands.php(74): CodeIgniter\Commands\Database\Migrate->run()
#11 /home/vaa/S4/SI/EXAMEN-FINAL-S4/system/CLI/Console.php(47): CodeIgniter\CLI\Commands->run()
#12 /home/vaa/S4/SI/EXAMEN-FINAL-S4/system/Boot.php(442): CodeIgniter\CLI\Console->run()
#13 /home/vaa/S4/SI/EXAMEN-FINAL-S4/system/Boot.php(166): CodeIgniter\Boot::runCommand()
#14 /home/vaa/S4/SI/EXAMEN-FINAL-S4/spark(87): CodeIgniter\Boot::bootSpark()
#15 {main}

Next CodeIgniter\Database\Exceptions\DatabaseException: No such file or directory in /home/vaa/S4/SI/EXAMEN-FINAL-S4/system/Database/MySQLi/Connection.php:231
Stack trace:
#0 /home/vaa/S4/SI/EXAMEN-FINAL-S4/system/Database/BaseConnection.php(555): CodeIgniter\Database\MySQLi\Connection->connect()
#1 /home/vaa/S4/SI/EXAMEN-FINAL-S4/system/Database/BaseConnection.php(795): CodeIgniter\Database\BaseConnection->initialize()
#2 /home/vaa/S4/SI/EXAMEN-FINAL-S4/system/Database/BaseConnection.php(1706): CodeIgniter\Database\BaseConnection->query()
#3 /home/vaa/S4/SI/EXAMEN-FINAL-S4/system/Database/BaseConnection.php(1726): CodeIgniter\Database\BaseConnection->listTables()
#4 /home/vaa/S4/SI/EXAMEN-FINAL-S4/system/Database/MigrationRunner.php(821): CodeIgniter\Database\BaseConnection->tableExists()
#5 /home/vaa/S4/SI/EXAMEN-FINAL-S4/system/Database/MigrationRunner.php(173): CodeIgniter\Database\MigrationRunner->ensureTable()
#6 /home/vaa/S4/SI/EXAMEN-FINAL-S4/system/Commands/Database/Migrate.php(89): CodeIgniter\Database\MigrationRunner->latest()
#7 /home/vaa/S4/SI/EXAMEN-FINAL-S4/system/CLI/SignalTrait.php(245): CodeIgniter\Commands\Database\Migrate::CodeIgniter\Commands\Database\{closure}()
#8 /home/vaa/S4/SI/EXAMEN-FINAL-S4/system/Commands/Database/Migrate.php(88): CodeIgniter\Commands\Database\Migrate->withSignalsBlocked()
#9 /home/vaa/S4/SI/EXAMEN-FINAL-S4/system/CLI/Commands.php(74): CodeIgniter\Commands\Database\Migrate->run()
#10 /home/vaa/S4/SI/EXAMEN-FINAL-S4/system/CLI/Console.php(47): CodeIgniter\CLI\Commands->run()
#11 /home/vaa/S4/SI/EXAMEN-FINAL-S4/system/Boot.php(442): CodeIgniter\CLI\Console->run()
#12 /home/vaa/S4/SI/EXAMEN-FINAL-S4/system/Boot.php(166): CodeIgniter\Boot::runCommand()
#13 /home/vaa/S4/SI/EXAMEN-FINAL-S4/spark(87): CodeIgniter\Boot::bootSpark()
#14 {main}
ERROR - 2026-07-19 23:38:59 --> Error connecting to the database: mysqli_sql_exception: No such file or directory in /home/vaa/S4/SI/EXAMEN-FINAL-S4/system/Database/MySQLi/Connection.php:201
Stack trace:
#0 /home/vaa/S4/SI/EXAMEN-FINAL-S4/system/Database/MySQLi/Connection.php(201): mysqli->real_connect()
#1 /home/vaa/S4/SI/EXAMEN-FINAL-S4/system/Database/BaseConnection.php(555): CodeIgniter\Database\MySQLi\Connection->connect()
#2 /home/vaa/S4/SI/EXAMEN-FINAL-S4/system/Database/BaseConnection.php(795): CodeIgniter\Database\BaseConnection->initialize()
#3 /home/vaa/S4/SI/EXAMEN-FINAL-S4/system/Database/BaseConnection.php(1706): CodeIgniter\Database\BaseConnection->query()
#4 /home/vaa/S4/SI/EXAMEN-FINAL-S4/system/Database/BaseConnection.php(1726): CodeIgniter\Database\BaseConnection->listTables()
#5 /home/vaa/S4/SI/EXAMEN-FINAL-S4/system/Database/MigrationRunner.php(821): CodeIgniter\Database\BaseConnection->tableExists()
#6 /home/vaa/S4/SI/EXAMEN-FINAL-S4/system/Database/MigrationRunner.php(173): CodeIgniter\Database\MigrationRunner->ensureTable()
#7 /home/vaa/S4/SI/EXAMEN-FINAL-S4/system/Commands/Database/Migrate.php(89): CodeIgniter\Database\MigrationRunner->latest()
#8 /home/vaa/S4/SI/EXAMEN-FINAL-S4/system/CLI/SignalTrait.php(245): CodeIgniter\Commands\Database\Migrate::CodeIgniter\Commands\Database\{closure}()
#9 /home/vaa/S4/SI/EXAMEN-FINAL-S4/system/Commands/Database/Migrate.php(88): CodeIgniter\Commands\Database\Migrate->withSignalsBlocked()
#10 /home/vaa/S4/SI/EXAMEN-FINAL-S4/system/CLI/Commands.php(74): CodeIgniter\Commands\Database\Migrate->run()
#11 /home/vaa/S4/SI/EXAMEN-FINAL-S4/system/CLI/Console.php(47): CodeIgniter\CLI\Commands->run()
#12 /home/vaa/S4/SI/EXAMEN-FINAL-S4/system/Boot.php(442): CodeIgniter\CLI\Console->run()
#13 /home/vaa/S4/SI/EXAMEN-FINAL-S4/system/Boot.php(166): CodeIgniter\Boot::runCommand()
#14 /home/vaa/S4/SI/EXAMEN-FINAL-S4/spark(87): CodeIgniter\Boot::bootSpark()
#15 {main}

Next CodeIgniter\Database\Exceptions\DatabaseException: No such file or directory in /home/vaa/S4/SI/EXAMEN-FINAL-S4/system/Database/MySQLi/Connection.php:231
Stack trace:
#0 /home/vaa/S4/SI/EXAMEN-FINAL-S4/system/Database/BaseConnection.php(555): CodeIgniter\Database\MySQLi\Connection->connect()
#1 /home/vaa/S4/SI/EXAMEN-FINAL-S4/system/Database/BaseConnection.php(795): CodeIgniter\Database\BaseConnection->initialize()
#2 /home/vaa/S4/SI/EXAMEN-FINAL-S4/system/Database/BaseConnection.php(1706): CodeIgniter\Database\BaseConnection->query()
#3 /home/vaa/S4/SI/EXAMEN-FINAL-S4/system/Database/BaseConnection.php(1726): CodeIgniter\Database\BaseConnection->listTables()
#4 /home/vaa/S4/SI/EXAMEN-FINAL-S4/system/Database/MigrationRunner.php(821): CodeIgniter\Database\BaseConnection->tableExists()
#5 /home/vaa/S4/SI/EXAMEN-FINAL-S4/system/Database/MigrationRunner.php(173): CodeIgniter\Database\MigrationRunner->ensureTable()
#6 /home/vaa/S4/SI/EXAMEN-FINAL-S4/system/Commands/Database/Migrate.php(89): CodeIgniter\Database\MigrationRunner->latest()
#7 /home/vaa/S4/SI/EXAMEN-FINAL-S4/system/CLI/SignalTrait.php(245): CodeIgniter\Commands\Database\Migrate::CodeIgniter\Commands\Database\{closure}()
#8 /home/vaa/S4/SI/EXAMEN-FINAL-S4/system/Commands/Database/Migrate.php(88): CodeIgniter\Commands\Database\Migrate->withSignalsBlocked()
#9 /home/vaa/S4/SI/EXAMEN-FINAL-S4/system/CLI/Commands.php(74): CodeIgniter\Commands\Database\Migrate->run()
#10 /home/vaa/S4/SI/EXAMEN-FINAL-S4/system/CLI/Console.php(47): CodeIgniter\CLI\Commands->run()
#11 /home/vaa/S4/SI/EXAMEN-FINAL-S4/system/Boot.php(442): CodeIgniter\CLI\Console->run()
#12 /home/vaa/S4/SI/EXAMEN-FINAL-S4/system/Boot.php(166): CodeIgniter\Boot::runCommand()
#13 /home/vaa/S4/SI/EXAMEN-FINAL-S4/spark(87): CodeIgniter\Boot::bootSpark()
#14 {main}
